<?xml version="1.0" encoding="UTF-8"?>
<coverage generated="1514918705442" clover="3.2.0">
  <project timestamp="1514918705442" name="All files">
    <metrics statements="40" coveredstatements="28" conditionals="15" coveredconditionals="10" methods="3" coveredmethods="2" elements="58" coveredelements="40" complexity="0" loc="40" ncloc="40" packages="2" files="2" classes="2">
      <package name="actions">
        <metrics statements="19" coveredstatements="19" conditionals="2" coveredconditionals="2" methods="1" coveredmethods="1"/>
        <file name="ActionTypeKeys.ts" path="E:\Code\Kagami\src\public\actions\ActionTypeKeys.ts">
          <metrics statements="19" coveredstatements="19" conditionals="2" coveredconditionals="2" methods="1" coveredmethods="1"/>
          <line num="2" count="1" type="stmt"/>
          <line num="4" count="1" type="stmt"/>
          <line num="5" count="1" type="stmt"/>
          <line num="6" count="1" type="stmt"/>
          <line num="7" count="1" type="stmt"/>
          <line num="8" count="1" type="stmt"/>
          <line num="9" count="1" type="stmt"/>
          <line num="10" count="1" type="stmt"/>
          <line num="11" count="1" type="stmt"/>
          <line num="12" count="1" type="stmt"/>
          <line num="13" count="1" type="stmt"/>
          <line num="14" count="1" type="stmt"/>
          <line num="15" count="1" type="stmt"/>
          <line num="16" count="1" type="stmt"/>
          <line num="17" count="1" type="stmt"/>
          <line num="18" count="1" type="stmt"/>
          <line num="19" count="1" type="stmt"/>
          <line num="20" count="1" type="stmt"/>
          <line num="21" count="1" type="stmt"/>
        </file>
      </package>
      <package name="reducers.domain">
        <metrics statements="21" coveredstatements="9" conditionals="13" coveredconditionals="8" methods="2" coveredmethods="1"/>
        <file name="ConfigurationReducer.ts" path="E:\Code\Kagami\src\public\reducers\domain\ConfigurationReducer.ts">
          <metrics statements="21" coveredstatements="9" conditionals="13" coveredconditionals="8" methods="2" coveredmethods="1"/>
          <line num="2" count="1" type="cond" truecount="3" falsecount="1"/>
          <line num="3" count="0" type="stmt"/>
          <line num="4" count="0" type="stmt"/>
          <line num="5" count="0" type="cond" truecount="0" falsecount="2"/>
          <line num="6" count="0" type="stmt"/>
          <line num="8" count="0" type="stmt"/>
          <line num="10" count="1" type="stmt"/>
          <line num="11" count="1" type="stmt"/>
          <line num="13" count="3" type="cond" truecount="2" falsecount="0"/>
          <line num="14" count="3" type="cond" truecount="3" falsecount="2"/>
          <line num="16" count="1" type="stmt"/>
          <line num="18" count="1" type="stmt"/>
          <line num="24" count="0" type="stmt"/>
          <line num="25" count="0" type="stmt"/>
          <line num="26" count="0" type="stmt"/>
          <line num="28" count="0" type="stmt"/>
          <line num="29" count="0" type="stmt"/>
          <line num="30" count="0" type="stmt"/>
          <line num="31" count="0" type="stmt"/>
          <line num="33" count="1" type="stmt"/>
          <line num="37" count="1" type="stmt"/>
        </file>
      </package>
    </metrics>
  </project>
</coverage>
