{"E:\\Code\\Kagami\\src\\public\\actions\\ActionTypeKeys.ts": {"path":"E:\\Code\\Kagami\\src\\public\\actions\\ActionTypeKeys.ts","statementMap":{"0":{"start":{"line":2,"column":0},"end":{"line":2,"column":62}},"1":{"start":{"line":4,"column":0},"end":{"line":22,"column":77}},"2":{"start":{"line":5,"column":4},"end":{"line":5,"column":54}},"3":{"start":{"line":6,"column":4},"end":{"line":6,"column":70}},"4":{"start":{"line":7,"column":4},"end":{"line":7,"column":66}},"5":{"start":{"line":8,"column":4},"end":{"line":8,"column":70}},"6":{"start":{"line":9,"column":4},"end":{"line":9,"column":86}},"7":{"start":{"line":10,"column":4},"end":{"line":10,"column":82}},"8":{"start":{"line":11,"column":4},"end":{"line":11,"column":62}},"9":{"start":{"line":12,"column":4},"end":{"line":12,"column":78}},"10":{"start":{"line":13,"column":4},"end":{"line":13,"column":74}},"11":{"start":{"line":14,"column":4},"end":{"line":14,"column":68}},"12":{"start":{"line":15,"column":4},"end":{"line":15,"column":68}},"13":{"start":{"line":16,"column":4},"end":{"line":16,"column":64}},"14":{"start":{"line":17,"column":4},"end":{"line":17,"column":70}},"15":{"start":{"line":18,"column":4},"end":{"line":18,"column":62}},"16":{"start":{"line":19,"column":4},"end":{"line":19,"column":52}},"17":{"start":{"line":20,"column":4},"end":{"line":20,"column":52}},"18":{"start":{"line":21,"column":4},"end":{"line":21,"column":65}}},"fnMap":{"0":{"name":"(anonymous_0)","decl":{"start":{"line":4,"column":1},"end":{"line":4,"column":2}},"loc":{"start":{"line":4,"column":27},"end":{"line":22,"column":1}},"line":4}},"branchMap":{"0":{"loc":{"start":{"line":22,"column":20},"end":{"line":22,"column":75}},"type":"binary-expr","locations":[{"start":{"line":22,"column":20},"end":{"line":22,"column":42}},{"start":{"line":22,"column":47},"end":{"line":22,"column":74}}],"line":22}},"s":{"0":1,"1":1,"2":1,"3":1,"4":1,"5":1,"6":1,"7":1,"8":1,"9":1,"10":1,"11":1,"12":1,"13":1,"14":1,"15":1,"16":1,"17":1,"18":1},"f":{"0":1},"b":{"0":[1,1]},"inputSourceMap":{"version":3,"file":"ActionTypeKeys.js","sourceRoot":"","sources":["ActionTypeKeys.ts"],"names":[],"mappings":";;AAAA,IAAY,cAyBX;AAzBD,WAAY,cAAc;IAEtB,iDAA+B,CAAA;IAC/B,iEAA+C,CAAA;IAC/C,6DAA2C,CAAA;IAE3C,iEAA+C,CAAA;IAC/C,iFAA+D,CAAA;IAC/D,6EAA2D,CAAA;IAE3D,yDAAuC,CAAA;IACvC,yEAAuD,CAAA;IACvD,qEAAmD,CAAA;IAEnD,+DAA6C,CAAA;IAC7C,+DAA6C,CAAA;IAE7C,2DAAyC,CAAA;IACzC,iEAA+C,CAAA;IAC/C,yDAAuC,CAAA;IAEvC,+CAA6B,CAAA;IAC7B,+CAA6B,CAAA;IAE7B,4DAA0C,CAAA;AAC9C,CAAC,EAzBW,cAAc,GAAd,sBAAc,KAAd,sBAAc,QAyBzB","sourcesContent":["export enum ActionTypeKeys {\r\n\r\n    FETCH_CONFIGS = \"FETCH_CONFIGS\",\r\n    FETCH_CONFIGS_SUCCESS = \"FETCH_CONFIGS_SUCCESS\",\r\n    FETCH_CONFIGS_ERROR = \"FETCH_CONFIGS_ERROR\",\r\n    \r\n    FETCH_CONFIG_ELEMENTS = \"FETCH_CONFIG_ELEMENTS\",\r\n    FETCH_CONFIG_ELEMENTS_SUCCESS = \"FETCH_CONFIG_ELEMENTS_SUCCESS\",\r\n    FETCH_CONFIG_ELEMENTS_ERROR = \"FETCH_CONFIG_ELEMENTS_ERROR\",\r\n\r\n    ADD_CONFIGURATION = \"ADD_CONFIGURATION\",\r\n    ADD_CONFIGURATION_SUCCESS = \"ADD_CONFIGURATION_SUCCESS\",\r\n    ADD_CONFIGURATION_ERROR = \"ADD_CONFIGURATION_ERROR\",\r\n    \r\n    DELETE_CONFIGURATION = \"DELETE_CONFIGURATION\",\r\n    UPDATE_CONFIGURATION = \"UPDATE_CONFIGURATION\",\r\n\r\n    ADD_CONFIG_ELEMENT = \"ADD_CONFIG_ELEMENT\",\r\n    UPDATE_CONFIG_ELEMENT = \"UPDATE_CONFIG_ELEMENT\",\r\n    DELETE_CONFIG_ELEMENT = \"DELETE_ENTITY\",\r\n\r\n    AJAX_SUCCESS = \"AJAX_SUCCESS\",\r\n    CANCEL_QUERY = \"CANCEL_QUERY\",\r\n    \r\n    OTHER_ACTION = \"__any_other_action_type__\"\r\n}"]},"_coverageSchema":"332fd63041d2c1bcb487cc26dd0d5f7d97098a6c","hash":"cc155417c3f3d067401de65cf8ac4824f28188dc"}
,"E:\\Code\\Kagami\\src\\public\\reducers\\domain\\ConfigurationReducer.ts": {"path":"E:\\Code\\Kagami\\src\\public\\reducers\\domain\\ConfigurationReducer.ts","statementMap":{"0":{"start":{"line":2,"column":15},"end":{"line":9,"column":1}},"1":{"start":{"line":3,"column":4},"end":{"line":7,"column":5}},"2":{"start":{"line":4,"column":8},"end":{"line":4,"column":25}},"3":{"start":{"line":5,"column":8},"end":{"line":6,"column":24}},"4":{"start":{"line":5,"column":25},"end":{"line":6,"column":24}},"5":{"start":{"line":6,"column":12},"end":{"line":6,"column":24}},"6":{"start":{"line":8,"column":4},"end":{"line":8,"column":13}},"7":{"start":{"line":10,"column":0},"end":{"line":10,"column":62}},"8":{"start":{"line":11,"column":23},"end":{"line":11,"column":62}},"9":{"start":{"line":13,"column":4},"end":{"line":13,"column":59}},"10":{"start":{"line":13,"column":37},"end":{"line":13,"column":57}},"11":{"start":{"line":14,"column":4},"end":{"line":34,"column":5}},"12":{"start":{"line":16,"column":12},"end":{"line":16,"column":39}},"13":{"start":{"line":18,"column":12},"end":{"line":22,"column":20}},"14":{"start":{"line":24,"column":29},"end":{"line":24,"column":57}},"15":{"start":{"line":25,"column":12},"end":{"line":25,"column":47}},"16":{"start":{"line":26,"column":12},"end":{"line":26,"column":30}},"17":{"start":{"line":28,"column":23},"end":{"line":28,"column":51}},"18":{"start":{"line":29,"column":12},"end":{"line":29,"column":72}},"19":{"start":{"line":30,"column":12},"end":{"line":30,"column":73}},"20":{"start":{"line":31,"column":12},"end":{"line":31,"column":24}},"21":{"start":{"line":33,"column":12},"end":{"line":33,"column":34}},"22":{"start":{"line":37,"column":0},"end":{"line":37,"column":52}}},"fnMap":{"0":{"name":"(anonymous_0)","decl":{"start":{"line":2,"column":59},"end":{"line":2,"column":60}},"loc":{"start":{"line":2,"column":71},"end":{"line":9,"column":1}},"line":2},"1":{"name":"configurationReducer","decl":{"start":{"line":12,"column":9},"end":{"line":12,"column":29}},"loc":{"start":{"line":12,"column":54},"end":{"line":36,"column":1}},"line":12}},"branchMap":{"0":{"loc":{"start":{"line":2,"column":15},"end":{"line":9,"column":1}},"type":"binary-expr","locations":[{"start":{"line":2,"column":16},"end":{"line":2,"column":20}},{"start":{"line":2,"column":24},"end":{"line":2,"column":37}},{"start":{"line":2,"column":42},"end":{"line":2,"column":55}},{"start":{"line":2,"column":59},"end":{"line":9,"column":1}}],"line":2},"1":{"loc":{"start":{"line":5,"column":25},"end":{"line":6,"column":24}},"type":"if","locations":[{"start":{"line":5,"column":25},"end":{"line":6,"column":24}},{"start":{"line":5,"column":25},"end":{"line":6,"column":24}}],"line":5},"2":{"loc":{"start":{"line":13,"column":4},"end":{"line":13,"column":59}},"type":"if","locations":[{"start":{"line":13,"column":4},"end":{"line":13,"column":59}},{"start":{"line":13,"column":4},"end":{"line":13,"column":59}}],"line":13},"3":{"loc":{"start":{"line":14,"column":4},"end":{"line":34,"column":5}},"type":"switch","locations":[{"start":{"line":15,"column":8},"end":{"line":16,"column":39}},{"start":{"line":17,"column":8},"end":{"line":22,"column":20}},{"start":{"line":23,"column":8},"end":{"line":26,"column":30}},{"start":{"line":27,"column":8},"end":{"line":31,"column":24}},{"start":{"line":32,"column":8},"end":{"line":33,"column":34}}],"line":14}},"s":{"0":1,"1":0,"2":0,"3":0,"4":0,"5":0,"6":0,"7":1,"8":1,"9":3,"10":1,"11":3,"12":1,"13":1,"14":0,"15":0,"16":0,"17":0,"18":0,"19":0,"20":0,"21":1,"22":1},"f":{"0":0,"1":3},"b":{"0":[1,1,1,0],"1":[0,0],"2":[1,2],"3":[1,1,0,0,1]},"inputSourceMap":{"version":3,"file":"ConfigurationReducer.js","sourceRoot":"","sources":["ConfigurationReducer.ts"],"names":[],"mappings":";;;;;;;;;;AAIA,+DAA8D;AAG9D,8BACI,cAAkC,EAClC,MAA8C;IAD9C,+BAAA,EAAA,mBAAkC;IAElC,MAAM,CAAC,CAAC,MAAM,CAAC,IAAI,CAAC,CAAC,CAAC;QAClB,KAAK,+BAAc,CAAC,qBAAqB;YACrC,MAAM,CAAC,MAAM,CAAC,YAAY,CAAC;QAC/B,KAAK,+BAAc,CAAC,yBAAyB;YACzC,MAAM,cACC,cAAc,eAChB,MAAM,CAAC,EAAE,IAAG;gBACT,GAAG,EAAE,MAAM,CAAC,EAAE;gBACd,IAAI,EAAE,EAAE;gBACR,WAAW,EAAE,EAAE;aAClB,OACH;QACN,KAAK,+BAAc,CAAC,oBAAoB;YACpC,IAAM,UAAU,gBAAQ,cAAc,CAAE,CAAC;YACzC,OAAO,UAAU,CAAC,MAAM,CAAC,QAAQ,CAAC,CAAC;YACnC,MAAM,CAAC,UAAU,CAAC;QACtB,KAAK,+BAAc,CAAC,oBAAoB;YACpC,IAAI,IAAI,gBAAQ,cAAc,CAAE,CAAC;YACjC,IAAI,CAAC,MAAM,CAAC,QAAQ,CAAC,gBAAQ,IAAI,CAAC,MAAM,CAAC,QAAQ,CAAC,CAAE,CAAC;YACrD,IAAI,CAAC,MAAM,CAAC,QAAQ,CAAC,CAAC,MAAM,CAAC,YAAY,CAAC,GAAG,MAAM,CAAC,QAAQ,CAAC;YAC7D,MAAM,CAAC,IAAI,CAAC;QAChB;YACI,MAAM,CAAC,cAAc,CAAC;IAC9B,CAAC;;AACL,CAAC;AA3BD,oDA2BC","sourcesContent":["import { IConfigLookup } from './../../types/AppStore';\r\nimport { Config } from './../../components/configurations/Config';\r\nimport { Configuration } from './../../../shared/models/configuration/Configuration';\r\nimport { ConfigurationActionTypes } from './../../actions/ConfigurationActions';\r\nimport { ActionTypeKeys } from '../../actions/ActionTypeKeys';\r\nimport { OtherAction } from '../../actions/GeneralActions';\r\n\r\nexport function configurationReducer(\r\n    configurations: IConfigLookup = {}, \r\n    action: ConfigurationActionTypes | OtherAction) {\r\n    switch (action.type) {\r\n        case ActionTypeKeys.FETCH_CONFIGS_SUCCESS:\r\n            return action.configLookup;\r\n        case ActionTypeKeys.ADD_CONFIGURATION_SUCCESS:\r\n            return {\r\n                ...configurations,\r\n                [action.id]: {\r\n                    _id: action.id,\r\n                    name: '',\r\n                    description: ''\r\n                }\r\n            };\r\n        case ActionTypeKeys.DELETE_CONFIGURATION:\r\n            const deleteCopy = { ...configurations };\r\n            delete deleteCopy[action.configId];\r\n            return deleteCopy;\r\n        case ActionTypeKeys.UPDATE_CONFIGURATION:\r\n            let copy = { ...configurations };\r\n            copy[action.configId] = { ...copy[action.configId] };\r\n            copy[action.configId][action.propertyName] = action.newValue;\r\n            return copy;\r\n        default:\r\n            return configurations;\r\n    }\r\n}"]},"_coverageSchema":"332fd63041d2c1bcb487cc26dd0d5f7d97098a6c","hash":"992dc3cb82149a21f52034f563f64585290ed524"}
}
