TN:
SF:E:\Code\Kagami\src\public\actions\ActionTypeKeys.ts
FN:4,(anonymous_0)
FNF:1
FNH:1
FNDA:1,(anonymous_0)
DA:2,1
DA:4,1
DA:5,1
DA:6,1
DA:7,1
DA:8,1
DA:9,1
DA:10,1
DA:11,1
DA:12,1
DA:13,1
DA:14,1
DA:15,1
DA:16,1
DA:17,1
DA:18,1
DA:19,1
DA:20,1
DA:21,1
LF:19
LH:19
BRDA:22,0,0,1
BRDA:22,0,1,1
BRF:2
BRH:2
end_of_record
TN:
SF:E:\Code\Kagami\src\public\reducers\domain\ConfigurationReducer.ts
FN:2,(anonymous_0)
FN:12,configurationReducer
FNF:2
FNH:1
FNDA:0,(anonymous_0)
FNDA:3,configurationReducer
DA:2,1
DA:3,0
DA:4,0
DA:5,0
DA:6,0
DA:8,0
DA:10,1
DA:11,1
DA:13,3
DA:14,3
DA:16,1
DA:18,1
DA:24,0
DA:25,0
DA:26,0
DA:28,0
DA:29,0
DA:30,0
DA:31,0
DA:33,1
DA:37,1
LF:21
LH:9
BRDA:2,0,0,1
BRDA:2,0,1,1
BRDA:2,0,2,1
BRDA:2,0,3,0
BRDA:5,1,0,0
BRDA:5,1,1,0
BRDA:13,2,0,1
BRDA:13,2,1,2
BRDA:14,3,0,1
BRDA:14,3,1,1
BRDA:14,3,2,0
BRDA:14,3,3,0
BRDA:14,3,4,1
BRF:13
BRH:8
end_of_record
